<testsuite failures="0" name="src/test/java/featurefile/karate14.feature" skipped="0" tests="1" time="0.01934">
  <testcase classname="src.test.java.featurefile.karate14" name="static method TC" time="0.01934">
    <system-out>* def env1 = .............................................................. passed
* print  env1() ........................................................... passed
* def res = call env1 ..................................................... passed
* print res ............................................................... passed</system-out>
  </testcase>
</testsuite>
