<testsuite failures="0" name="src/test/java/featurefile/karate01.feature" skipped="0" tests="3" time="0.064384">
  <testcase classname="src.test.java.featurefile.karate01" name="Karate Test case 1" time="0.047868">
    <system-out>Given def a = 10 .......................................................... passed
And def b = 20 ............................................................ passed
When def c = a+b .......................................................... passed
Then assert c == 30 ....................................................... passed
And print "c = ",c ........................................................ passed
And karate.log("End of the test case") .................................... passed</system-out>
  </testcase>
  <testcase classname="src.test.java.featurefile.karate01" name="Karate Test case 2" time="0.00784">
    <system-out>Given def a = 10 .......................................................... passed
And def b = 20 ............................................................ passed
When def c = a+b .......................................................... passed
Then assert c == 30 ....................................................... passed
And print "c = ",c ........................................................ passed
And karate.log("End of the test case") .................................... passed
Given def a = 20 .......................................................... passed
* def b = 20 .............................................................. passed
When def c = a+b .......................................................... passed
Then assert c == 40 ....................................................... passed
* print "c = ",c .......................................................... passed
* karate.log("End of the test case 2") .................................... passed</system-out>
  </testcase>
  <testcase classname="src.test.java.featurefile.karate01" name="Karate Test case 3" time="0.008677">
    <system-out>Given def a = 10 .......................................................... passed
And def b = 20 ............................................................ passed
When def c = a+b .......................................................... passed
Then assert c == 30 ....................................................... passed
And print "c = ",c ........................................................ passed
And karate.log("End of the test case") .................................... passed
Given def a = 20 .......................................................... passed
* def b = 20 .............................................................. passed
When def c = a+b .......................................................... passed
Then assert c == 40 ....................................................... passed
* print "c = ",c .......................................................... passed
* karate.log("End of the test case 2") .................................... passed
* def a = 30 .............................................................. passed
* def b = 20 .............................................................. passed
* def c = a+b ............................................................. passed
* assert c == 50 .......................................................... passed
* print "c = ",c .......................................................... passed
* karate.log("End of the test case 3") .................................... passed</system-out>
  </testcase>
</testsuite>
