<testsuite failures="0" name="featurefile/karate23_usingFile.feature" skipped="0" tests="1" time="0.574447">
  <testcase classname="featurefile.karate23_usingFile" name="karate config Testcase" time="0.574447">
    <system-out>Given url baseUrl ......................................................... passed
And path listUsers ........................................................ passed
When method get ........................................................... passed
Then status 200 ........................................................... passed
* print response .......................................................... passed</system-out>
  </testcase>
</testsuite>
