<testsuite failures="0" name="featurefile/callingFeature.feature" skipped="0" tests="1" time="0.345871">
  <testcase classname="featurefile.callingFeature" name="Calling Feature Test Case 1" time="0.345871">
    <system-out>* def result = call read("calledFeature.feature") ......................... passed
* print result ............................................................ passed
* print result.response.string._ == "132.8" ............................... passed</system-out>
  </testcase>
</testsuite>
