<testsuite failures="1" name="featurefile/karateTestSuite-02.feature" skipped="0" tests="6" time="0.009903">
  <testcase classname="featurefile.karateTestSuite-02" name="JSON test case 1" time="0.00445">
    <system-out>Given def json = { "id" : "101", "tool": { "name":"Karate", "version":"0.9.6"}} . passed
* print json .............................................................. passed
* print json.id ........................................................... passed
* print json.tool.name .................................................... passed</system-out>
  </testcase>
  <testcase classname="featurefile.karateTestSuite-02" name="JSON test case 2" time="0.000677">
    <system-out>Given def json = { "id" : "101", "tool": { "name":"Karate", "version":"0.9.6"}} . passed
* print json .............................................................. passed
* print json.id ........................................................... passed
* print json.tool.name .................................................... passed
Given def json = .......................................................... passed
* print json .............................................................. passed
* print json.id ........................................................... passed
* print json.tool.name .................................................... passed</system-out>
  </testcase>
  <testcase classname="featurefile.karateTestSuite-02" name="JSON test case 3" time="0.0037">
    <system-out>Given def json = { "id" : "101", "tool": { "name":"Karate", "version":"0.9.6"}} . passed
* print json .............................................................. passed
* print json.id ........................................................... passed
* print json.tool.name .................................................... passed
Given def json = .......................................................... passed
* print json .............................................................. passed
* print json.id ........................................................... passed
* print json.tool.name .................................................... passed
Given def json = { "id" : "101", "tool": { "name":"Karate", "version":"0.9.6"}} . passed
* assert json.id == "101" ................................................. passed
* assert json.tool.name == "Karate" ....................................... passed</system-out>
  </testcase>
  <testcase classname="featurefile.karateTestSuite-02" name="JSON test case 4" time="0.000366">
    <system-out>Given def json = { "id" : "101", "tool": { "name":"Karate", "version":"0.9.6"}} . passed
* print json .............................................................. passed
* print json.id ........................................................... passed
* print json.tool.name .................................................... passed
Given def json = .......................................................... passed
* print json .............................................................. passed
* print json.id ........................................................... passed
* print json.tool.name .................................................... passed
Given def json = { "id" : "101", "tool": { "name":"Karate", "version":"0.9.6"}} . passed
* assert json.id == "101" ................................................. passed
* assert json.tool.name == "Karate" ....................................... passed
Given def json = { "id" : "101", "tool": { "name":"Karate", "version":"0.9.6"}} . passed
* match json.tool == { "name":"Karate", "version":"0.9.6"} ................ passed</system-out>
  </testcase>
  <testcase classname="featurefile.karateTestSuite-02" name="JSON test case 4" time="0.000486">
    <failure message="karateTestSuite-02.feature:35 - path: $.tool.name, actual: 'Karate', expected: 'Karateee', reason: not equal">Given def json = { "id" : "101", "tool": { "name":"Karate", "version":"0.9.6"}} . passed
* print json .............................................................. passed
* print json.id ........................................................... passed
* print json.tool.name .................................................... passed
Given def json = .......................................................... passed
* print json .............................................................. passed
* print json.id ........................................................... passed
* print json.tool.name .................................................... passed
Given def json = { "id" : "101", "tool": { "name":"Karate", "version":"0.9.6"}} . passed
* assert json.id == "101" ................................................. passed
* assert json.tool.name == "Karate" ....................................... passed
Given def json = { "id" : "101", "tool": { "name":"Karate", "version":"0.9.6"}} . passed
* match json.tool == { "name":"Karate", "version":"0.9.6"} ................ passed
Given def json = { "id" : "101", "tool": { "name":"Karate", "version":"0.9.6"}} . passed
* match json.tool == { "name":"Karateee", "version":"0.9.5"} .............. failed

Stack Trace:
com.intuit.karate.exception.KarateException: karateTestSuite-02.feature:35 - path: $.tool.name, actual: 'Karate', expected: 'Karateee', reason: not equal&#13;
	at ✽.* match json.tool == { "name":"Karateee", "version":"0.9.5"} (karateTestSuite-02.feature:35)</failure>
  </testcase>
  <testcase classname="featurefile.karateTestSuite-02" name="JSON test case 5" time="0.000225">
    <system-out>Given def json = { "id" : "101", "tool": { "name":"Karate", "version":"0.9.6"}} . passed
* print json .............................................................. passed
* print json.id ........................................................... passed
* print json.tool.name .................................................... passed
Given def json = .......................................................... passed
* print json .............................................................. passed
* print json.id ........................................................... passed
* print json.tool.name .................................................... passed
Given def json = { "id" : "101", "tool": { "name":"Karate", "version":"0.9.6"}} . passed
* assert json.id == "101" ................................................. passed
* assert json.tool.name == "Karate" ....................................... passed
Given def json = { "id" : "101", "tool": { "name":"Karate", "version":"0.9.6"}} . passed
* match json.tool == { "name":"Karate", "version":"0.9.6"} ................ passed
Given def json = { "id" : "101", "tool": { "name":"Karate", "version":"0.9.6"}} . passed
* match json.tool == { "name":"Karateee", "version":"0.9.5"} .............. failed

Stack Trace:
com.intuit.karate.exception.KarateException: karateTestSuite-02.feature:35 - path: $.tool.name, actual: 'Karate', expected: 'Karateee', reason: not equal&#13;
	at ✽.* match json.tool == { "name":"Karateee", "version":"0.9.5"} (karateTestSuite-02.feature:35)&#13;

Given def json = { "id" : "101", "tool": { "name":"Karate", "version":"0.9.6"}} . passed
* match json.tool == { "name":"Karate", "version":"0.9.6"} ................ passed</system-out>
  </testcase>
</testsuite>
